<?xml version="1.0" encoding="UTF-8"?>
<testsuite name="com.amex.bankinapp.BankingTest" tests="1" skipped="0" failures="0" errors="0" timestamp="2022-11-18T06:53:40" hostname="DESKTOP-55AGI0I" time="0.073">
  <properties/>
  <testcase name="testDbUserName()" classname="com.amex.bankinapp.BankingTest" time="0.073"/>
  <system-out><![CDATA[]]></system-out>
  <system-err><![CDATA[]]></system-err>
</testsuite>
