<?xml version="1.0" encoding="UTF-8"?>
<testsuite name="com.amex.bankinapp.BankingTest" tests="1" skipped="0" failures="0" errors="0" timestamp="2022-11-18T06:30:49" hostname="DESKTOP-55AGI0I" time="0.071">
  <properties/>
  <testcase name="Name Should be Equal to Expected" classname="com.amex.bankinapp.BankingTest" time="0.071"/>
  <system-out><![CDATA[]]></system-out>
  <system-err><![CDATA[]]></system-err>
</testsuite>
